<?xml version="1.0" encoding="UTF-8"?>
<!-- Generated by org.testng.reporters.JUnitXMLReporter -->
<testsuite ignored="0" hostname="DESKTOP-LMN0PRA" failures="0" tests="3" name="Default test" time="49.513" errors="0" timestamp="2024-06-13T18:48:44 IST">
  <testcase classname="testNGFramework.DataProviderClass2" name="loginCredValidation" time="14.53"/>
  <testcase classname="testNGFramework.DataProviderClass2" name="loginCredValidation" time="11.509"/>
  <testcase classname="testNGFramework.DataProviderClass2" name="loginCredValidation" time="9.02"/>
</testsuite> <!-- Default test -->
