<?xml version="1.0" encoding="UTF-8"?>
<!-- Generated by org.testng.reporters.JUnitXMLReporter -->
<testsuite ignored="0" hostname="DESKTOP-LMN0PRA" failures="0" tests="7" name="smoke testing" time="71.951" errors="0" timestamp="2024-06-14T12:45:07 IST">
  <testcase classname="testNGFramework.Assert1" name="ts1" time="0.153"/>
  <testcase classname="testNGFramework.Assert1" name="ts2" time="0.094"/>
  <testcase classname="testNGFramework.Assert1" name="ts3" time="2.322"/>
  <testcase classname="testNGFramework.InternetSpeed" name="Speed" time="0.089"/>
  <testcase classname="testNGFramework.DataProviderClass2" name="loginCredValidation" time="13.954"/>
  <testcase classname="testNGFramework.DataProviderClass2" name="loginCredValidation" time="9.478"/>
  <testcase classname="testNGFramework.DataProviderClass2" name="loginCredValidation" time="9.178"/>
</testsuite> <!-- smoke testing -->
