<?xml version="1.0" encoding="UTF-8"?>
<testng-results ignored="0" total="7" passed="7" failed="0" skipped="0">
  <reporter-output>
  </reporter-output>
  <suite started-at="2024-06-14T12:43:55 IST" name="smoke suite" finished-at="2024-06-14T12:45:06 IST" duration-ms="71951">
    <groups>
    </groups>
    <test started-at="2024-06-14T12:43:55 IST" name="smoke testing" finished-at="2024-06-14T12:45:06 IST" duration-ms="71951">
      <class name="testNGFramework.InternetSpeed">
        <test-method is-config="true" signature="launchApp()[pri:0, instance:testNGFramework.InternetSpeed@1b1426f4]" started-at="2024-06-14T12:44:15 IST" name="launchApp" finished-at="2024-06-14T12:44:22 IST" duration-ms="6898" status="PASS">
          <reporter-output>
          </reporter-output>
        </test-method> <!-- launchApp -->
        <test-method signature="Speed()[pri:0, instance:testNGFramework.InternetSpeed@1b1426f4]" started-at="2024-06-14T12:44:22 IST" name="Speed" finished-at="2024-06-14T12:44:22 IST" duration-ms="89" status="PASS">
          <reporter-output>
          </reporter-output>
        </test-method> <!-- Speed -->
        <test-method is-config="true" signature="closeAppp()[pri:0, instance:testNGFramework.InternetSpeed@1b1426f4]" started-at="2024-06-14T12:44:22 IST" name="closeAppp" finished-at="2024-06-14T12:44:22 IST" duration-ms="147" status="PASS">
          <reporter-output>
          </reporter-output>
        </test-method> <!-- closeAppp -->
      </class> <!-- testNGFramework.InternetSpeed -->
      <class name="testNGFramework.Assert1">
        <test-method is-config="true" signature="launchApp()[pri:0, instance:testNGFramework.Assert1@b62d79]" started-at="2024-06-14T12:43:55 IST" name="launchApp" finished-at="2024-06-14T12:44:01 IST" duration-ms="6215" status="PASS">
          <reporter-output>
          </reporter-output>
        </test-method> <!-- launchApp -->
        <test-method signature="ts1()[pri:0, instance:testNGFramework.Assert1@b62d79]" started-at="2024-06-14T12:44:01 IST" name="ts1" finished-at="2024-06-14T12:44:01 IST" duration-ms="153" status="PASS">
          <reporter-output>
          </reporter-output>
        </test-method> <!-- ts1 -->
        <test-method is-config="true" signature="closeAppp()[pri:0, instance:testNGFramework.Assert1@b62d79]" started-at="2024-06-14T12:44:01 IST" name="closeAppp" finished-at="2024-06-14T12:44:01 IST" duration-ms="406" status="PASS">
          <reporter-output>
          </reporter-output>
        </test-method> <!-- closeAppp -->
        <test-method is-config="true" signature="launchApp()[pri:0, instance:testNGFramework.Assert1@b62d79]" started-at="2024-06-14T12:44:01 IST" name="launchApp" finished-at="2024-06-14T12:44:06 IST" duration-ms="5112" status="PASS">
          <reporter-output>
          </reporter-output>
        </test-method> <!-- launchApp -->
        <test-method signature="ts2()[pri:0, instance:testNGFramework.Assert1@b62d79]" started-at="2024-06-14T12:44:06 IST" name="ts2" finished-at="2024-06-14T12:44:07 IST" duration-ms="94" status="PASS">
          <reporter-output>
          </reporter-output>
        </test-method> <!-- ts2 -->
        <test-method is-config="true" signature="closeAppp()[pri:0, instance:testNGFramework.Assert1@b62d79]" started-at="2024-06-14T12:44:07 IST" name="closeAppp" finished-at="2024-06-14T12:44:07 IST" duration-ms="258" status="PASS">
          <reporter-output>
          </reporter-output>
        </test-method> <!-- closeAppp -->
        <test-method is-config="true" signature="launchApp()[pri:0, instance:testNGFramework.Assert1@b62d79]" started-at="2024-06-14T12:44:07 IST" name="launchApp" finished-at="2024-06-14T12:44:12 IST" duration-ms="5615" status="PASS">
          <reporter-output>
          </reporter-output>
        </test-method> <!-- launchApp -->
        <test-method signature="ts3()[pri:0, instance:testNGFramework.Assert1@b62d79]" started-at="2024-06-14T12:44:12 IST" name="ts3" finished-at="2024-06-14T12:44:15 IST" duration-ms="2322" status="PASS">
          <reporter-output>
          </reporter-output>
        </test-method> <!-- ts3 -->
        <test-method is-config="true" signature="closeAppp()[pri:0, instance:testNGFramework.Assert1@b62d79]" started-at="2024-06-14T12:44:15 IST" name="closeAppp" finished-at="2024-06-14T12:44:15 IST" duration-ms="268" status="PASS">
          <reporter-output>
          </reporter-output>
        </test-method> <!-- closeAppp -->
      </class> <!-- testNGFramework.Assert1 -->
      <class name="testNGFramework.DataProviderClass2">
        <test-method is-config="true" signature="launchApp()[pri:0, instance:testNGFramework.DataProviderClass2@32b260fa]" started-at="2024-06-14T12:44:22 IST" name="launchApp" finished-at="2024-06-14T12:44:26 IST" duration-ms="3862" status="PASS">
          <reporter-output>
          </reporter-output>
        </test-method> <!-- launchApp -->
        <test-method signature="loginCredValidation(java.lang.String,java.lang.String)[pri:0, instance:testNGFramework.DataProviderClass2@32b260fa]" started-at="2024-06-14T12:44:26 IST" name="loginCredValidation" data-provider="FB Test Data" finished-at="2024-06-14T12:44:40 IST" duration-ms="13954" status="PASS">
          <params>
            <param index="0">
              <value>
                <![CDATA[Mahi01]]>
              </value>
            </param>
            <param index="1">
              <value>
                <![CDATA[M1]]>
              </value>
            </param>
          </params>
          <reporter-output>
          </reporter-output>
        </test-method> <!-- loginCredValidation -->
        <test-method is-config="true" signature="closeAppp()[pri:0, instance:testNGFramework.DataProviderClass2@32b260fa]" started-at="2024-06-14T12:44:40 IST" name="closeAppp" finished-at="2024-06-14T12:44:40 IST" duration-ms="321" status="PASS">
          <reporter-output>
          </reporter-output>
        </test-method> <!-- closeAppp -->
        <test-method is-config="true" signature="launchApp()[pri:0, instance:testNGFramework.DataProviderClass2@32b260fa]" started-at="2024-06-14T12:44:40 IST" name="launchApp" finished-at="2024-06-14T12:44:44 IST" duration-ms="3445" status="PASS">
          <reporter-output>
          </reporter-output>
        </test-method> <!-- launchApp -->
        <test-method signature="loginCredValidation(java.lang.String,java.lang.String)[pri:0, instance:testNGFramework.DataProviderClass2@32b260fa]" started-at="2024-06-14T12:44:44 IST" name="loginCredValidation" data-provider="FB Test Data" finished-at="2024-06-14T12:44:53 IST" duration-ms="9478" status="PASS">
          <params>
            <param index="0">
              <value>
                <![CDATA[Mahi02]]>
              </value>
            </param>
            <param index="1">
              <value>
                <![CDATA[M2]]>
              </value>
            </param>
          </params>
          <reporter-output>
          </reporter-output>
        </test-method> <!-- loginCredValidation -->
        <test-method is-config="true" signature="closeAppp()[pri:0, instance:testNGFramework.DataProviderClass2@32b260fa]" started-at="2024-06-14T12:44:53 IST" name="closeAppp" finished-at="2024-06-14T12:44:54 IST" duration-ms="268" status="PASS">
          <reporter-output>
          </reporter-output>
        </test-method> <!-- closeAppp -->
        <test-method is-config="true" signature="launchApp()[pri:0, instance:testNGFramework.DataProviderClass2@32b260fa]" started-at="2024-06-14T12:44:54 IST" name="launchApp" finished-at="2024-06-14T12:44:57 IST" duration-ms="3323" status="PASS">
          <reporter-output>
          </reporter-output>
        </test-method> <!-- launchApp -->
        <test-method signature="loginCredValidation(java.lang.String,java.lang.String)[pri:0, instance:testNGFramework.DataProviderClass2@32b260fa]" started-at="2024-06-14T12:44:57 IST" name="loginCredValidation" data-provider="FB Test Data" finished-at="2024-06-14T12:45:06 IST" duration-ms="9178" status="PASS">
          <params>
            <param index="0">
              <value>
                <![CDATA[Mahi03]]>
              </value>
            </param>
            <param index="1">
              <value>
                <![CDATA[M3]]>
              </value>
            </param>
          </params>
          <reporter-output>
          </reporter-output>
        </test-method> <!-- loginCredValidation -->
        <test-method is-config="true" signature="closeAppp()[pri:0, instance:testNGFramework.DataProviderClass2@32b260fa]" started-at="2024-06-14T12:45:06 IST" name="closeAppp" finished-at="2024-06-14T12:45:06 IST" duration-ms="454" status="PASS">
          <reporter-output>
          </reporter-output>
        </test-method> <!-- closeAppp -->
      </class> <!-- testNGFramework.DataProviderClass2 -->
    </test> <!-- smoke testing -->
  </suite> <!-- smoke suite -->
</testng-results>
